CRITICAL - 2025-02-14 02:50:48 --> ErrorException: include(../template/header.php): Failed to open stream: No such file or directory
[Method: GET, Route: /]
in APPPATH\Views\pages\index.php on line 13.
 1 APPPATH\Views\pages\index.php(13): CodeIgniter\Debug\Exceptions->errorHandler(2, 'include(../template/header.php): Failed to open stream: No such file or directory', 'C:\\xampp\\htdocs\\codeignitor\\wisdom\\app\\Views\\pages\\index.php', 13)
 2 APPPATH\Views\pages\index.php(13): include()
 3 SYSTEMPATH\View\View.php(234): include('C:\\xampp\\htdocs\\codeignitor\\wisdom\\app\\Views\\pages\\index.php')
 4 SYSTEMPATH\View\View.php(237): CodeIgniter\View\View->CodeIgniter\View\{closure}()
 5 SYSTEMPATH\Common.php(1171): CodeIgniter\View\View->render('pages/index', [], true)
 6 APPPATH\Controllers\Pages.php(9): view('pages/index')
 7 SYSTEMPATH\CodeIgniter.php(933): App\Controllers\Pages->index()
 8 SYSTEMPATH\CodeIgniter.php(509): CodeIgniter\CodeIgniter->runController(Object(App\Controllers\Pages))
 9 SYSTEMPATH\CodeIgniter.php(355): CodeIgniter\CodeIgniter->handleRequest(null, Object(Config\Cache), false)
10 SYSTEMPATH\Boot.php(334): CodeIgniter\CodeIgniter->run()
11 SYSTEMPATH\Boot.php(67): CodeIgniter\Boot::runCodeIgniter(Object(CodeIgniter\CodeIgniter))
12 FCPATH\index.php(56): CodeIgniter\Boot::bootWeb(Object(Config\Paths))
13 SYSTEMPATH\rewrite.php(44): require_once('C:\\xampp\\htdocs\\codeignitor\\wisdom\\public\\index.php')
CRITICAL - 2025-02-14 02:51:58 --> ErrorException: include(../template/header.php): Failed to open stream: No such file or directory
[Method: GET, Route: /]
in APPPATH\Views\pages\index.php on line 13.
 1 APPPATH\Views\pages\index.php(13): CodeIgniter\Debug\Exceptions->errorHandler(2, 'include(../template/header.php): Failed to open stream: No such file or directory', 'C:\\xampp\\htdocs\\codeignitor\\wisdom\\app\\Views\\pages\\index.php', 13)
 2 APPPATH\Views\pages\index.php(13): include()
 3 SYSTEMPATH\View\View.php(234): include('C:\\xampp\\htdocs\\codeignitor\\wisdom\\app\\Views\\pages\\index.php')
 4 SYSTEMPATH\View\View.php(237): CodeIgniter\View\View->CodeIgniter\View\{closure}()
 5 SYSTEMPATH\Common.php(1171): CodeIgniter\View\View->render('pages/index', [], true)
 6 APPPATH\Controllers\Pages.php(9): view('pages/index')
 7 SYSTEMPATH\CodeIgniter.php(933): App\Controllers\Pages->index()
 8 SYSTEMPATH\CodeIgniter.php(509): CodeIgniter\CodeIgniter->runController(Object(App\Controllers\Pages))
 9 SYSTEMPATH\CodeIgniter.php(355): CodeIgniter\CodeIgniter->handleRequest(null, Object(Config\Cache), false)
10 SYSTEMPATH\Boot.php(334): CodeIgniter\CodeIgniter->run()
11 SYSTEMPATH\Boot.php(67): CodeIgniter\Boot::runCodeIgniter(Object(CodeIgniter\CodeIgniter))
12 FCPATH\index.php(56): CodeIgniter\Boot::bootWeb(Object(Config\Paths))
13 SYSTEMPATH\rewrite.php(44): require_once('C:\\xampp\\htdocs\\codeignitor\\wisdom\\public\\index.php')
CRITICAL - 2025-02-14 02:52:10 --> ErrorException: include(/template/header.php): Failed to open stream: No such file or directory
[Method: GET, Route: /]
in APPPATH\Views\pages\index.php on line 13.
 1 APPPATH\Views\pages\index.php(13): CodeIgniter\Debug\Exceptions->errorHandler(2, 'include(/template/header.php): Failed to open stream: No such file or directory', 'C:\\xampp\\htdocs\\codeignitor\\wisdom\\app\\Views\\pages\\index.php', 13)
 2 APPPATH\Views\pages\index.php(13): include()
 3 SYSTEMPATH\View\View.php(234): include('C:\\xampp\\htdocs\\codeignitor\\wisdom\\app\\Views\\pages\\index.php')
 4 SYSTEMPATH\View\View.php(237): CodeIgniter\View\View->CodeIgniter\View\{closure}()
 5 SYSTEMPATH\Common.php(1171): CodeIgniter\View\View->render('pages/index', [], true)
 6 APPPATH\Controllers\Pages.php(9): view('pages/index')
 7 SYSTEMPATH\CodeIgniter.php(933): App\Controllers\Pages->index()
 8 SYSTEMPATH\CodeIgniter.php(509): CodeIgniter\CodeIgniter->runController(Object(App\Controllers\Pages))
 9 SYSTEMPATH\CodeIgniter.php(355): CodeIgniter\CodeIgniter->handleRequest(null, Object(Config\Cache), false)
10 SYSTEMPATH\Boot.php(334): CodeIgniter\CodeIgniter->run()
11 SYSTEMPATH\Boot.php(67): CodeIgniter\Boot::runCodeIgniter(Object(CodeIgniter\CodeIgniter))
12 FCPATH\index.php(56): CodeIgniter\Boot::bootWeb(Object(Config\Paths))
13 SYSTEMPATH\rewrite.php(44): require_once('C:\\xampp\\htdocs\\codeignitor\\wisdom\\public\\index.php')
CRITICAL - 2025-02-14 02:54:00 --> ErrorException: include(./template/header.php): Failed to open stream: No such file or directory
[Method: GET, Route: /]
in APPPATH\Views\pages\index.php on line 13.
 1 APPPATH\Views\pages\index.php(13): CodeIgniter\Debug\Exceptions->errorHandler(2, 'include(./template/header.php): Failed to open stream: No such file or directory', 'C:\\xampp\\htdocs\\codeignitor\\wisdom\\app\\Views\\pages\\index.php', 13)
 2 APPPATH\Views\pages\index.php(13): include()
 3 SYSTEMPATH\View\View.php(234): include('C:\\xampp\\htdocs\\codeignitor\\wisdom\\app\\Views\\pages\\index.php')
 4 SYSTEMPATH\View\View.php(237): CodeIgniter\View\View->CodeIgniter\View\{closure}()
 5 SYSTEMPATH\Common.php(1171): CodeIgniter\View\View->render('pages/index', [], true)
 6 APPPATH\Controllers\Pages.php(9): view('pages/index')
 7 SYSTEMPATH\CodeIgniter.php(933): App\Controllers\Pages->index()
 8 SYSTEMPATH\CodeIgniter.php(509): CodeIgniter\CodeIgniter->runController(Object(App\Controllers\Pages))
 9 SYSTEMPATH\CodeIgniter.php(355): CodeIgniter\CodeIgniter->handleRequest(null, Object(Config\Cache), false)
10 SYSTEMPATH\Boot.php(334): CodeIgniter\CodeIgniter->run()
11 SYSTEMPATH\Boot.php(67): CodeIgniter\Boot::runCodeIgniter(Object(CodeIgniter\CodeIgniter))
12 FCPATH\index.php(56): CodeIgniter\Boot::bootWeb(Object(Config\Paths))
13 SYSTEMPATH\rewrite.php(44): require_once('C:\\xampp\\htdocs\\codeignitor\\wisdom\\public\\index.php')
CRITICAL - 2025-02-14 02:54:15 --> ErrorException: include(/template/header.php): Failed to open stream: No such file or directory
[Method: GET, Route: /]
in APPPATH\Views\pages\index.php on line 13.
 1 APPPATH\Views\pages\index.php(13): CodeIgniter\Debug\Exceptions->errorHandler(2, 'include(/template/header.php): Failed to open stream: No such file or directory', 'C:\\xampp\\htdocs\\codeignitor\\wisdom\\app\\Views\\pages\\index.php', 13)
 2 APPPATH\Views\pages\index.php(13): include()
 3 SYSTEMPATH\View\View.php(234): include('C:\\xampp\\htdocs\\codeignitor\\wisdom\\app\\Views\\pages\\index.php')
 4 SYSTEMPATH\View\View.php(237): CodeIgniter\View\View->CodeIgniter\View\{closure}()
 5 SYSTEMPATH\Common.php(1171): CodeIgniter\View\View->render('pages/index', [], true)
 6 APPPATH\Controllers\Pages.php(9): view('pages/index')
 7 SYSTEMPATH\CodeIgniter.php(933): App\Controllers\Pages->index()
 8 SYSTEMPATH\CodeIgniter.php(509): CodeIgniter\CodeIgniter->runController(Object(App\Controllers\Pages))
 9 SYSTEMPATH\CodeIgniter.php(355): CodeIgniter\CodeIgniter->handleRequest(null, Object(Config\Cache), false)
10 SYSTEMPATH\Boot.php(334): CodeIgniter\CodeIgniter->run()
11 SYSTEMPATH\Boot.php(67): CodeIgniter\Boot::runCodeIgniter(Object(CodeIgniter\CodeIgniter))
12 FCPATH\index.php(56): CodeIgniter\Boot::bootWeb(Object(Config\Paths))
13 SYSTEMPATH\rewrite.php(44): require_once('C:\\xampp\\htdocs\\codeignitor\\wisdom\\public\\index.php')
